This file contains any messages produced by compilers while
running configure, to aid debugging if configure makes a mistake.

It was created by quilt configure 0.63, which was
generated by GNU Autoconf 2.69.  Invocation command line was

  $ /opt/yocto/poky/qemuarm/tmp/work/x86_64-linux/quilt-native/0.63-r0/quilt-0.63/configure --build=x86_64-linux --host=x86_64-linux --target=x86_64-linux --prefix=/opt/yocto/poky/qemuarm/tmp/sysroots/x86_64-linux/usr --exec_prefix=/opt/yocto/poky/qemuarm/tmp/sysroots/x86_64-linux/usr --bindir=/opt/yocto/poky/qemuarm/tmp/sysroots/x86_64-linux/usr/bin --sbindir=/opt/yocto/poky/qemuarm/tmp/sysroots/x86_64-linux/usr/sbin --libexecdir=/opt/yocto/poky/qemuarm/tmp/sysroots/x86_64-linux/usr/lib/quilt --datadir=/opt/yocto/poky/qemuarm/tmp/sysroots/x86_64-linux/usr/share --sysconfdir=/opt/yocto/poky/qemuarm/tmp/sysroots/x86_64-linux/etc --sharedstatedir=/opt/yocto/poky/qemuarm/tmp/sysroots/x86_64-linux/com --localstatedir=/opt/yocto/poky/qemuarm/tmp/sysroots/x86_64-linux/var --libdir=/opt/yocto/poky/qemuarm/tmp/sysroots/x86_64-linux/usr/lib --includedir=/opt/yocto/poky/qemuarm/tmp/sysroots/x86_64-linux/usr/include --oldincludedir=/opt/yocto/poky/qemuarm/tmp/sysroots/x86_64-linux/usr/include --infodir=/opt/yocto/poky/qemuarm/tmp/sysroots/x86_64-linux/usr/share/info --mandir=/opt/yocto/poky/qemuarm/tmp/sysroots/x86_64-linux/usr/share/man --disable-silent-rules --disable-dependency-tracking --disable-nls

## --------- ##
## Platform. ##
## --------- ##

hostname = ubu2204
uname -m = x86_64
uname -r = 5.15.0-46-generic
uname -s = Linux
uname -v = #49-Ubuntu SMP Thu Aug 4 18:03:25 UTC 2022

/usr/bin/uname -p = x86_64
/bin/uname -X     = unknown

/bin/arch              = x86_64
/usr/bin/arch -k       = unknown
/usr/convex/getsysinfo = unknown
/usr/bin/hostinfo      = unknown
/bin/machine           = unknown
/usr/bin/oslevel       = unknown
/bin/universe          = unknown

PATH: /opt/yocto/poky/scripts/native-intercept
PATH: /opt/yocto/poky/scripts
PATH: /opt/yocto/poky/qemuarm/tmp/sysroots/x86_64-linux/usr/bin/x86_64-linux
PATH: /opt/yocto/poky/qemuarm/tmp/sysroots/x86_64-linux/usr/bin
PATH: /opt/yocto/poky/qemuarm/tmp/sysroots/x86_64-linux/usr/sbin
PATH: /opt/yocto/poky/qemuarm/tmp/sysroots/x86_64-linux/usr/bin
PATH: /opt/yocto/poky/qemuarm/tmp/sysroots/x86_64-linux/sbin
PATH: /opt/yocto/poky/qemuarm/tmp/sysroots/x86_64-linux/bin
PATH: /opt/yocto/poky/scripts
PATH: /opt/yocto/poky/bitbake/bin
PATH: /opt/yocto/poky/build/python-bin
PATH: /usr/local/sbin
PATH: /usr/local/bin
PATH: /usr/sbin
PATH: /usr/bin
PATH: /sbin
PATH: /bin
PATH: /usr/games
PATH: /usr/local/games
PATH: /snap/bin
PATH: /snap/bin


## ----------- ##
## Core tests. ##
## ----------- ##

configure:1671: loading site script /opt/yocto/poky/meta/site/native
| ac_cv_path_SED=sed
configure:1817: checking for a BSD-compatible install
configure:1885: result: /usr/bin/install -c
configure:1897: checking whether #! works in shell scripts
configure:1914: result: yes
configure:1966: checking for bash
configure:1997: result: /bin/bash
configure:2032: checking whether /bin/bash quoting works
configure:2035: result: yes
configure:2082: checking for gcp
configure:2116: result: no
configure:2082: checking for cp
configure:2101: found /usr/bin/cp
configure:2113: result: /usr/bin/cp
configure:2174: checking for gdate
configure:2208: result: no
configure:2174: checking for date
configure:2193: found /usr/bin/date
configure:2205: result: /usr/bin/date
configure:2237: checking whether /usr/bin/date --rfc-822 works
configure:2240: result: yes
configure:2287: checking for perl
configure:2306: found /usr/bin/perl
configure:2318: result: /usr/bin/perl
configure:2377: checking for grep
configure:2396: found /usr/bin/grep
configure:2408: result: /usr/bin/grep
configure:2429: checking whether /usr/bin/grep -q works
configure:2432: result: yes
configure:2444: checking whether /usr/bin/grep understands (foo|bar)
configure:2447: result: yes
configure:2493: checking for tail
configure:2512: found /usr/bin/tail
configure:2524: result: /usr/bin/tail
configure:2546: checking whether /usr/bin/tail -n works
configure:2549: result: yes
configure:2595: checking for tr
configure:2614: found /usr/bin/tr
configure:2626: result: /usr/bin/tr
configure:2647: checking whether /usr/bin/tr understands a-z 
configure:2650: result: yes
configure:2697: checking for stat
configure:2716: found /usr/bin/stat
configure:2728: result: /usr/bin/stat
configure:2749: checking whether /usr/bin/stat -c '%h' works
configure:2752: result: yes
configure:2809: checking for sed
configure:2840: result: sed
configure:2861: checking whether sed understands (foo|bar)
configure:2864: result: yes
configure:2912: checking for gawk
configure:2931: found /usr/bin/gawk
configure:2943: result: /usr/bin/gawk
configure:2970: checking whether /usr/bin/gawk supports sub
configure:2973: result: yes
configure:3000: checking for pod2man
configure:3018: found /usr/bin/pod2man
configure:3030: result: /usr/bin/pod2man
configure:3077: checking for column
configure:3096: found /usr/bin/column
configure:3108: result: /usr/bin/column
configure:3165: checking for getopt
configure:3184: found /usr/bin/getopt
configure:3196: result: /usr/bin/getopt
configure:3222: checking for getopt --long syntax
configure:3229: result: yes
configure:3276: checking for mktemp
configure:3295: found /usr/bin/mktemp
configure:3307: result: /usr/bin/mktemp
configure:3332: checking whether /usr/bin/mktemp -d works
configure:3336: result: yes
configure:3383: checking for diff
configure:3402: found /usr/bin/diff
configure:3414: result: /usr/bin/diff
configure:3467: checking for patch
configure:3486: found /usr/bin/patch
configure:3498: result: /usr/bin/patch
configure:3520: checking the version of /usr/bin/diff
configure:3525: result: 3.8
configure:3548: checking the version of /usr/bin/patch
configure:3557: result: 2.7.6
configure:3611: checking for find
configure:3630: found /usr/bin/find
configure:3642: result: /usr/bin/find
configure:3663: checking whether /usr/bin/find -path works
configure:3666: result: yes
configure:3679: checking whether /usr/bin/find -print0 works
configure:3682: result: yes
configure:3728: checking for xargs
configure:3747: found /usr/bin/xargs
configure:3759: result: /usr/bin/xargs
configure:3780: checking whether /usr/bin/xargs -0 works
configure:3783: result: yes
configure:3824: checking for diffstat
configure:3843: found /usr/bin/diffstat
configure:3855: result: /usr/bin/diffstat
configure:3883: checking for diffstat version
configure:3902: result: 1.64
configure:3951: checking for sendmail
configure:3985: result: no
configure:4008: WARNING: Using internal sendmail mechanism.  Use option '--with-sendmail' to override
configure:4053: checking for cp
configure:4084: result: /usr/bin/cp
configure:4145: checking for gmd5sum
configure:4179: result: no
configure:4145: checking for md5sum
configure:4164: found /usr/bin/md5sum
configure:4176: result: /usr/bin/md5sum
configure:4205: checking for msgmerge
configure:4238: result: no
configure:4245: checking for msgfmt
configure:4278: result: no
configure:4285: checking for xgettext
configure:4318: result: no
configure:4325: checking for msguniq
configure:4358: result: no
configure:4365: checking for msgcat
configure:4398: result: no
configure:4436: Building without natural language support
configure:4473: checking for rpmbuild
configure:4507: result: no
configure:4473: checking for rpm
configure:4507: result: no
configure:4521: WARNING: rpmbuild not found, some optional functionalities will be missing
configure:4680: creating ./config.status

## ---------------------- ##
## Running config.status. ##
## ---------------------- ##

This file was extended by quilt config.status 0.63, which was
generated by GNU Autoconf 2.69.  Invocation command line was

  CONFIG_FILES    = 
  CONFIG_HEADERS  = 
  CONFIG_LINKS    = 
  CONFIG_COMMANDS = 
  $ ./config.status 

on ubu2204

config.status:749: creating Makefile
configure:5687: WARNING: unrecognized options: --disable-silent-rules, --disable-dependency-tracking
configure:5692: result: 
configure:5694: result: quilt version 0.63 configured.
configure:5696: result: 
configure:5698: result: Using '/opt/yocto/poky/qemuarm/tmp/sysroots/x86_64-linux/usr' for installation prefix.
configure:5701: result: 
configure:5703: result: Report bugs to quilt-dev@nongnu.org

## ---------------- ##
## Cache variables. ##
## ---------------- ##

ac_cv_env_build_alias_set=set
ac_cv_env_build_alias_value=x86_64-linux
ac_cv_env_host_alias_set=set
ac_cv_env_host_alias_value=x86_64-linux
ac_cv_env_target_alias_set=set
ac_cv_env_target_alias_value=x86_64-linux
ac_cv_path_AWK=/usr/bin/gawk
ac_cv_path_BASH=/bin/bash
ac_cv_path_COLUMN=/usr/bin/column
ac_cv_path_CP=/usr/bin/cp
ac_cv_path_DATE=/usr/bin/date
ac_cv_path_DIFF=/usr/bin/diff
ac_cv_path_DIFFSTAT=/usr/bin/diffstat
ac_cv_path_FIND=/usr/bin/find
ac_cv_path_GETOPT=/usr/bin/getopt
ac_cv_path_GREP=/usr/bin/grep
ac_cv_path_MD5SUM=/usr/bin/md5sum
ac_cv_path_MKTEMP=/usr/bin/mktemp
ac_cv_path_PATCH=/usr/bin/patch
ac_cv_path_PERL=/usr/bin/perl
ac_cv_path_POD2MAN=/usr/bin/pod2man
ac_cv_path_SED=sed
ac_cv_path_STAT=/usr/bin/stat
ac_cv_path_TAIL=/usr/bin/tail
ac_cv_path_TR=/usr/bin/tr
ac_cv_path_XARGS=/usr/bin/xargs
ac_cv_path_install='/usr/bin/install -c'
ac_cv_sys_interpreter=yes

## ----------------- ##
## Output variables. ##
## ----------------- ##

AWK='/usr/bin/gawk'
BASH='/bin/bash'
COLUMN='/usr/bin/column'
COMPAT_PROGRAMS=' sendmail'
COMPAT_SYMLINKS=' awk'
CP='/usr/bin/cp'
DATE='/usr/bin/date'
DEFS='-DPACKAGE_NAME=\"quilt\" -DPACKAGE_TARNAME=\"quilt\" -DPACKAGE_VERSION=\"0.63\" -DPACKAGE_STRING=\"quilt\ 0.63\" -DPACKAGE_BUGREPORT=\"quilt-dev@nongnu.org\" -DPACKAGE_URL=\"\"'
DIFF='/usr/bin/diff'
DIFFSTAT='/usr/bin/diffstat'
ECHO_C=''
ECHO_N='-n'
ECHO_T=''
FIND='/usr/bin/find'
GETOPT='/usr/bin/getopt'
GREP='/usr/bin/grep'
INSTALL_DATA='${INSTALL} -m 644'
INSTALL_PROGRAM='${INSTALL}'
INSTALL_SCRIPT='${INSTALL}'
LIBOBJS=''
LIBS=''
LTLIBOBJS=''
MD5SUM='/usr/bin/md5sum'
MKTEMP='/usr/bin/mktemp'
MSGCAT=''
MSGFMT=''
MSGMERGE=''
MSGUNIQ=''
PACKAGE_BUGREPORT='quilt-dev@nongnu.org'
PACKAGE_NAME='quilt'
PACKAGE_RELEASE='1'
PACKAGE_STRING='quilt 0.63'
PACKAGE_TARNAME='quilt'
PACKAGE_URL=''
PACKAGE_VERSION='0.63'
PATCH='/usr/bin/patch'
PATCH_WRAPPER=''
PATH_SEPARATOR=':'
PERL='/usr/bin/perl'
POD2MAN='/usr/bin/pod2man'
RPMBUILD='rpmbuild'
SED='sed'
SENDMAIL='sendmail'
SHELL='/bin/bash'
STAT='/usr/bin/stat'
STAT_HARDLINK='-c '\''%h'\'''
TAIL='/usr/bin/tail'
TR='/usr/bin/tr'
USE_NLS='no'
XARGS='/usr/bin/xargs'
XGETTEXT=''
bindir='/opt/yocto/poky/qemuarm/tmp/sysroots/x86_64-linux/usr/bin'
build_alias='x86_64-linux'
datadir='/opt/yocto/poky/qemuarm/tmp/sysroots/x86_64-linux/usr/share'
datarootdir='${prefix}/share'
docdir='${datarootdir}/doc/${PACKAGE_TARNAME}'
dvidir='${docdir}'
exec_prefix='/opt/yocto/poky/qemuarm/tmp/sysroots/x86_64-linux/usr'
host_alias='x86_64-linux'
htmldir='${docdir}'
includedir='/opt/yocto/poky/qemuarm/tmp/sysroots/x86_64-linux/usr/include'
infodir='/opt/yocto/poky/qemuarm/tmp/sysroots/x86_64-linux/usr/share/info'
libdir='/opt/yocto/poky/qemuarm/tmp/sysroots/x86_64-linux/usr/lib'
libexecdir='/opt/yocto/poky/qemuarm/tmp/sysroots/x86_64-linux/usr/lib/quilt'
localedir='${datarootdir}/locale'
localstatedir='/opt/yocto/poky/qemuarm/tmp/sysroots/x86_64-linux/var'
mandir='/opt/yocto/poky/qemuarm/tmp/sysroots/x86_64-linux/usr/share/man'
oldincludedir='/opt/yocto/poky/qemuarm/tmp/sysroots/x86_64-linux/usr/include'
pdfdir='${docdir}'
prefix='/opt/yocto/poky/qemuarm/tmp/sysroots/x86_64-linux/usr'
program_transform_name='s,x,x,'
psdir='${docdir}'
sbindir='/opt/yocto/poky/qemuarm/tmp/sysroots/x86_64-linux/usr/sbin'
sharedstatedir='/opt/yocto/poky/qemuarm/tmp/sysroots/x86_64-linux/com'
sysconfdir='/opt/yocto/poky/qemuarm/tmp/sysroots/x86_64-linux/etc'
target_alias='x86_64-linux'

## ----------- ##
## confdefs.h. ##
## ----------- ##

/* confdefs.h */
#define PACKAGE_NAME "quilt"
#define PACKAGE_TARNAME "quilt"
#define PACKAGE_VERSION "0.63"
#define PACKAGE_STRING "quilt 0.63"
#define PACKAGE_BUGREPORT "quilt-dev@nongnu.org"
#define PACKAGE_URL ""

configure: exit 0
