WARNING: Host distribution "Ubuntu-22.04" has not been validated with this version of the build system; you may possibly experience unexpected failures. It is recommended that you use a tested distribution.
NOTE: Resolving any missing task queue dependencies

Build Configuration:
BB_VERSION        = "1.24.0"
BUILD_SYS         = "x86_64-linux"
NATIVELSBSTRING   = "Ubuntu-22.04"
TARGET_SYS        = "arm-poky-linux-gnueabi"
MACHINE           = "qemuarm"
DISTRO            = "poky"
DISTRO_VERSION    = "1.7.3"
TUNE_FEATURES     = "arm armv5 thumb dsp"
TARGET_FPU        = "soft"
meta              
meta-yocto        
meta-yocto-bsp    = "dizzy:58863ad092c9a279e305c841dbb4353de2ecfae8"

NOTE: Preparing runqueue
NOTE: Executing SetScene Tasks
NOTE: Executing RunQueue Tasks
NOTE: Running task 27 of 2045 (ID: 909, /opt/yocto/poky/meta/recipes-devtools/m4/m4-native_1.4.17.bb, do_compile)
NOTE: Running task 51 of 2045 (ID: 946, /opt/yocto/poky/meta/recipes-devtools/gcc/gcc-source_4.9.bb, do_fetch)
NOTE: Running task 62 of 2045 (ID: 479, virtual:native:/opt/yocto/poky/meta/recipes-support/sqlite/sqlite3_3.8.6.0.bb, do_unpack)
NOTE: Running task 68 of 2045 (ID: 985, virtual:native:/opt/yocto/poky/meta/recipes-devtools/flex/flex_2.5.39.bb, do_unpack)
NOTE: recipe m4-native-1.4.17-r0: task do_compile: Started
NOTE: recipe flex-native-2.5.39-r0: task do_unpack: Started
NOTE: recipe gcc-source-4.9.1-r0: task do_fetch: Started
NOTE: recipe sqlite3-native-3_3.8.6.0-r0: task do_unpack: Started
NOTE: recipe sqlite3-native-3_3.8.6.0-r0: task do_unpack: Succeeded
NOTE: Running task 69 of 2045 (ID: 480, virtual:native:/opt/yocto/poky/meta/recipes-support/sqlite/sqlite3_3.8.6.0.bb, do_patch)
NOTE: recipe sqlite3-native-3_3.8.6.0-r0: task do_patch: Started
NOTE: recipe sqlite3-native-3_3.8.6.0-r0: task do_patch: Succeeded
NOTE: Running task 70 of 2045 (ID: 519, /opt/yocto/poky/meta/recipes-devtools/binutils/binutils-cross_2.24.bb, do_fetch)
NOTE: recipe binutils-cross-arm-2.24-r0: task do_fetch: Started
ERROR: Function failed: do_compile (log file is located at /opt/yocto/poky/qemuarm/tmp/work/x86_64-linux/m4-native/1.4.17-r0/temp/log.do_compile.46006)
ERROR: Logfile of failure stored in: /opt/yocto/poky/qemuarm/tmp/work/x86_64-linux/m4-native/1.4.17-r0/temp/log.do_compile.46006
NOTE: recipe m4-native-1.4.17-r0: task do_compile: Failed
ERROR: Task 909 (/opt/yocto/poky/meta/recipes-devtools/m4/m4-native_1.4.17.bb, do_compile) failed with exit code '1'
NOTE: Running task 71 of 2045 (ID: 971, virtual:native:/opt/yocto/poky/meta/recipes-support/libmpc/libmpc_1.0.2.bb, do_fetch)
NOTE: recipe flex-native-2.5.39-r0: task do_unpack: Succeeded
NOTE: recipe libmpc-native-1.0.2-r0: task do_fetch: Started
WARNING: Failed to fetch URL http://www.multiprecision.org/mpc/download/mpc-1.0.2.tar.gz, attempting MIRRORS if available
NOTE: recipe libmpc-native-1.0.2-r0: task do_fetch: Succeeded
