WARNING: Host distribution "Ubuntu-22.04" has not been validated with this version of the build system; you may possibly experience unexpected failures. It is recommended that you use a tested distribution.
NOTE: Resolving any missing task queue dependencies

Build Configuration:
BB_VERSION        = "1.24.0"
BUILD_SYS         = "x86_64-linux"
NATIVELSBSTRING   = "Ubuntu-22.04"
TARGET_SYS        = "arm-poky-linux-gnueabi"
MACHINE           = "qemuarm"
DISTRO            = "poky"
DISTRO_VERSION    = "1.7.3"
TUNE_FEATURES     = "arm armv5 thumb dsp"
TARGET_FPU        = "soft"
meta              
meta-yocto        
meta-yocto-bsp    = "dizzy:58863ad092c9a279e305c841dbb4353de2ecfae8"

NOTE: Preparing runqueue
NOTE: Executing SetScene Tasks
NOTE: Executing RunQueue Tasks
NOTE: Running task 27 of 2045 (ID: 909, /opt/yocto/poky/meta/recipes-devtools/m4/m4-native_1.4.17.bb, do_compile)
NOTE: Running task 52 of 2045 (ID: 944, /opt/yocto/poky/meta/recipes-devtools/gcc/gcc-source_4.9.bb, do_unpack)
NOTE: Running task 73 of 2045 (ID: 515, /opt/yocto/poky/meta/recipes-devtools/binutils/binutils-cross_2.24.bb, do_unpack)
NOTE: Running task 78 of 2045 (ID: 409, virtual:native:/opt/yocto/poky/meta/recipes-extended/gperf/gperf_3.0.4.bb, do_unpack)
NOTE: recipe m4-native-1.4.17-r0: task do_compile: Started
NOTE: recipe gcc-source-4.9.1-r0: task do_unpack: Started
NOTE: recipe binutils-cross-arm-2.24-r0: task do_unpack: Started
NOTE: recipe gperf-native-3.0.4-r0: task do_unpack: Started
NOTE: recipe gperf-native-3.0.4-r0: task do_unpack: Succeeded
NOTE: Running task 79 of 2045 (ID: 410, virtual:native:/opt/yocto/poky/meta/recipes-extended/gperf/gperf_3.0.4.bb, do_patch)
NOTE: recipe gperf-native-3.0.4-r0: task do_patch: Started
NOTE: recipe gperf-native-3.0.4-r0: task do_patch: Succeeded
NOTE: Running task 80 of 2045 (ID: 980, /opt/yocto/poky/meta/recipes-devtools/unifdef/unifdef-native_2.6.18+git.bb, do_fetch)
ERROR: Function failed: do_compile (log file is located at /opt/yocto/poky/qemuarm/tmp/work/x86_64-linux/m4-native/1.4.17-r0/temp/log.do_compile.3121)
ERROR: Logfile of failure stored in: /opt/yocto/poky/qemuarm/tmp/work/x86_64-linux/m4-native/1.4.17-r0/temp/log.do_compile.3121
NOTE: recipe m4-native-1.4.17-r0: task do_compile: Failed
ERROR: Task 909 (/opt/yocto/poky/meta/recipes-devtools/m4/m4-native_1.4.17.bb, do_compile) failed with exit code '1'
NOTE: Running task 81 of 2045 (ID: 385, /opt/yocto/poky/meta/recipes-kernel/linux-libc-headers/linux-libc-headers_3.16.bb, do_fetch)
NOTE: recipe unifdef-native-2.6.18+git-r1: task do_fetch: Started
NOTE: recipe unifdef-native-2.6.18+git-r1: task do_fetch: Succeeded
NOTE: recipe linux-libc-headers-3.16-r0: task do_fetch: Started
NOTE: recipe binutils-cross-arm-2.24-r0: task do_unpack: Succeeded
NOTE: recipe gcc-source-4.9.1-r0: task do_unpack: Succeeded
NOTE: recipe linux-libc-headers-3.16-r0: task do_fetch: Succeeded
NOTE: Tasks Summary: Attempted 81 tasks of which 74 didn't need to be rerun and 1 failed.
